
> legal-hub@0.1.0 dev
> next dev

▲ Next.js 16.1.6 (Turbopack)
- Local:         http://localhost:3000
- Network:       http://172.24.96.1:3000
- Environments: .env
- Experiments (use with caution):
  · serverActions

✓ Starting...
✓ Ready in 13.6s
 GET /permissions 200 in 3.8s (compile: 2.0s, render: 1788ms)
 GET /permissions 200 in 3.9s (compile: 2.3s, render: 1597ms)
 GET /api/auth/me 200 in 1016ms (compile: 664ms, render: 351ms)
 GET /api/auth/session 200 in 3.2s (compile: 3.1s, render: 53ms)
 GET /api/auth/session 200 in 49ms (compile: 21ms, render: 29ms)
 GET /api/admin/shell-notifications?limit=6 200 in 185ms (compile: 122ms, render: 63ms)
 GET /lawyerlogin 200 in 2.7s (compile: 385ms, proxy.ts: 899ms, render: 1431ms)
 GET /api/auth/session 200 in 160ms (compile: 80ms, render: 80ms)
 GET /api/auth/session 200 in 42ms (compile: 25ms, render: 17ms)
 POST /api/auth/login 200 in 3.0s (compile: 1053ms, render: 1953ms)
 GET /discussions 200 in 1524ms (compile: 790ms, proxy.ts: 35ms, render: 700ms)
 GET /api/auth/me 200 in 184ms (compile: 91ms, render: 93ms)
 GET /api/auth/me 200 in 192ms (compile: 116ms, render: 76ms)
 GET /api/auth/me 200 in 195ms (compile: 89ms, render: 107ms)
 GET /api/discussions/sidebar 200 in 1837ms (compile: 677ms, render: 1160ms)
 GET /api/discussions/meta 200 in 1851ms (compile: 1146ms, render: 705ms)
 GET /api/discussions?page=1&limit=12&sort=latest&includeReactions=true&includeBookmarks=true 200 in 1960ms (compile: 1469ms, render: 491ms)
 GET /api/notifications?limit=15 200 in 1847ms (compile: 1580ms, render: 267ms)
 GET /api/notifications?limit=15 200 in 82ms (compile: 6ms, render: 76ms)
 GET /api/notifications?limit=15 200 in 64ms (compile: 6ms, render: 58ms)
 GET /api/notifications?limit=15 200 in 244ms (compile: 14ms, render: 230ms)
 GET /api/notifications?limit=15 200 in 109ms (compile: 18ms, render: 91ms)
 GET /api/notifications?limit=15 200 in 73ms (compile: 11ms, render: 63ms)
 GET /api/notifications?limit=15 200 in 611ms (compile: 13ms, render: 597ms)
 GET /api/notifications?limit=15 200 in 92ms (compile: 6ms, render: 86ms)
 GET /api/notifications?limit=15 200 in 109ms (compile: 14ms, render: 95ms)
 GET /api/notifications?limit=15 200 in 101ms (compile: 9ms, render: 92ms)
 GET /api/notifications?limit=15 200 in 128ms (compile: 15ms, render: 112ms)
 GET /api/notifications?limit=15 200 in 1173ms (compile: 27ms, render: 1147ms)
 GET /api/notifications?limit=15 200 in 59ms (compile: 4ms, render: 54ms)
 GET /api/notifications?limit=15 200 in 227ms (compile: 19ms, render: 208ms)
 GET /api/auth/session 200 in 252ms (compile: 149ms, render: 103ms)
 GET /api/auth/session 200 in 107ms (compile: 35ms, render: 72ms)
 GET /api/auth/session 200 in 55ms (compile: 9ms, render: 46ms)
 GET /api/auth/session 200 in 45ms (compile: 21ms, render: 24ms)
 GET /api/auth/session 200 in 419ms (compile: 240ms, render: 179ms)
 GET /api/auth/session 200 in 41ms (compile: 7ms, render: 34ms)
 GET /api/notifications?limit=15 200 in 41ms (compile: 6ms, render: 35ms)
 GET /api/auth/session 200 in 1943ms (compile: 343ms, render: 1600ms)
 GET /api/auth/session 200 in 48ms (compile: 12ms, render: 36ms)
 GET /api/notifications?limit=15 200 in 1506ms (compile: 35ms, render: 1470ms)
 GET /api/notifications?limit=15 200 in 366ms (compile: 33ms, render: 333ms)
 GET /api/auth/session 200 in 860ms (compile: 368ms, render: 493ms)
 GET /api/auth/session 200 in 136ms (compile: 31ms, render: 105ms)
 GET /api/notifications?limit=15 200 in 78ms (compile: 16ms, render: 62ms)
 GET /api/auth/session 200 in 252ms (compile: 150ms, render: 102ms)
 GET /api/notifications?limit=15 200 in 216ms (compile: 53ms, render: 163ms)
 GET /api/auth/session 200 in 30ms (compile: 6ms, render: 24ms)
 GET /api/auth/session 200 in 2.3s (compile: 214ms, render: 2.0s)
 GET /api/auth/session 200 in 53ms (compile: 13ms, render: 39ms)
 GET /api/notifications?limit=15 200 in 68ms (compile: 8ms, render: 60ms)
